This is pdfTeX, Version 3.1415926-2.3-1.40.12 (TeX Live 2011) (format=pdftex 2012.1.16)  16 JAN 2012 16:52
entering extended mode
 restricted \write18 enabled.
 %&-line parsing enabled.
**Expression_Besoins_Final.tex
(./Expression_Besoins_Final.tex
! Undefined control sequence.
l.6 \documentclass
                  [a4paper]{article}
? 
! Undefined control sequence.
l.8 \usepackage
               [utf8]{inputenc}
? 
! Undefined control sequence.
l.9 \usepackage
               [top=2cm, bottom=2cm, left=2cm, right=2cm]{geometry}
? 
! Undefined control sequence.
l.10 \usepackage
                {ucs}
? 
! Undefined control sequence.
l.12 \usepackage
                [T1]{fontenc}
? 
! Undefined control sequence.
l.13 \usepackage
                {lmodern}
? 
! Undefined control sequence.
l.14 \usepackage
                [francais]{babel}
? 
! Undefined control sequence.
l.16 \usepackage
                {graphicx}
? 
! Undefined control sequence.
l.18 \usepackage
                {eurosym}
? 
! Undefined control sequence.
l.20 \begin
           {document}
? 
! Undefined control sequence.
l.23 \begin
           {titlepage}
? 
! Undefined control sequence.
l.26 	\begin
            {center}
? 
! Emergency stop.
l.26 	\begin
            {center}
End of file on the terminal!

!  ==> Fatal error occurred, no output PDF file produced!
